<?xml version="1.0" encoding="utf-8"?><testsuites name="pytest tests"><testsuite name="pytest" errors="0" failures="0" skipped="0" tests="23" time="7.280" timestamp="2026-08-27T11:58:04.175211+00:00" hostname="agent-env-76f430d1-f17a-48e1-a552-80520d0c6569"><testcase classname="backend.tests.test_admin_stats.TestMeStats" name="test_requires_auth" time="0.159" /><testcase classname="backend.tests.test_admin_stats.TestMeStats" name="test_stats_shape" time="0.602" /><testcase classname="backend.tests.test_admin_stats.TestSuperAdminAuth" name="test_super_admin_flag_on_login" time="0.530" /><testcase classname="backend.tests.test_admin_stats.TestSuperAdminAuth" name="test_regular_user_not_admin" time="0.243" /><testcase classname="backend.tests.test_admin_stats.TestSuperAdminAuth" name="test_super_admin_idempotent_login_sets_flag" time="0.341" /><testcase classname="backend.tests.test_admin_stats.TestAdminAccessGating" name="test_non_admin_forbidden[/admin/stats]" time="0.144" /><testcase classname="backend.tests.test_admin_stats.TestAdminAccessGating" name="test_non_admin_forbidden[/admin/users]" time="0.103" /><testcase classname="backend.tests.test_admin_stats.TestAdminAccessGating" name="test_non_admin_forbidden[/admin/forum/flagged]" time="0.133" /><testcase classname="backend.tests.test_admin_stats.TestAdminAccessGating" name="test_non_admin_forbidden_delete" time="0.105" /><testcase classname="backend.tests.test_admin_stats.TestAdminStats" name="test_stats_shape" time="0.136" /><testcase classname="backend.tests.test_admin_stats.TestAdminUsers" name="test_list_users" time="0.147" /><testcase classname="backend.tests.test_admin_stats.TestAdminUsers" name="test_search_by_email_case_insensitive" time="0.142" /><testcase classname="backend.tests.test_admin_stats.TestAdminUsers" name="test_search_by_name" time="0.224" /><testcase classname="backend.tests.test_admin_stats.TestAdminUsers" name="test_cannot_delete_self" time="0.211" /><testcase classname="backend.tests.test_admin_stats.TestAdminUsers" name="test_delete_user_cascade" time="1.257" /><testcase classname="backend.tests.test_admin_stats.TestAdminUsers" name="test_delete_missing_user_404" time="0.112" /><testcase classname="backend.tests.test_admin_stats.TestAdminUsers" name="test_toggle_admin_flow" time="0.773" /><testcase classname="backend.tests.test_admin_stats.TestAdminUsers" name="test_toggle_admin_super_admin_forbidden" time="0.144" /><testcase classname="backend.tests.test_admin_stats.TestAdminUsers" name="test_toggle_admin_missing_user_404" time="0.119" /><testcase classname="backend.tests.test_admin_stats.TestAdminForumModeration" name="test_flagged_empty_shape" time="0.131" /><testcase classname="backend.tests.test_admin_stats.TestAdminForumModeration" name="test_flag_then_admin_delete_post_and_answer" time="1.197" /><testcase classname="backend.tests.test_admin_stats.TestAdminForumModeration" name="test_delete_missing_forum_post" time="0.137" /><testcase classname="backend.tests.test_admin_stats.TestAdminForumModeration" name="test_delete_missing_forum_answer" time="0.119" /></testsuite></testsuites>