<?xml version="1.0" encoding="utf-8"?><testsuites name="pytest tests"><testsuite name="pytest" errors="0" failures="0" skipped="0" tests="9" time="4.579" timestamp="2026-08-27T14:48:33.964701+00:00" hostname="agent-env-76f430d1-f17a-48e1-a552-80520d0c6569"><testcase classname="backend.tests.test_email_triggers.TestRegisterEmail" name="test_register_fresh_email_returns_quickly" time="0.484" /><testcase classname="backend.tests.test_email_triggers.TestRegisterEmail" name="test_register_duplicate_email_400" time="0.424" /><testcase classname="backend.tests.test_email_triggers.TestRegisterEmail" name="test_register_super_admin_becomes_admin" time="0.463" /><testcase classname="backend.tests.test_email_triggers.TestRegisterEmail" name="test_register_response_ok_even_if_email_send_raises" time="0.933" /><testcase classname="backend.tests.test_email_triggers.TestFamilyJoinEmail" name="test_family_join_success_fast_and_returns_two_members" time="0.831" /><testcase classname="backend.tests.test_email_triggers.TestFamilyJoinEmail" name="test_family_join_already_in_400" time="0.093" /><testcase classname="backend.tests.test_email_triggers.TestFamilyJoinEmail" name="test_family_join_third_user_full_400" time="0.378" /><testcase classname="backend.tests.test_email_triggers.TestFamilyJoinEmail" name="test_family_join_invalid_code_400" time="0.397" /><testcase classname="backend.tests.test_email_triggers.TestFamilyJoinEmail" name="test_family_join_nonexistent_code_404" time="0.429" /></testsuite></testsuites>