<?xml version="1.0" encoding="utf-8"?><testsuites name="pytest tests"><testsuite name="pytest" errors="0" failures="0" skipped="0" tests="5" time="3.237" timestamp="2026-08-27T14:40:33.857697+00:00" hostname="agent-env-76f430d1-f17a-48e1-a552-80520d0c6569"><testcase classname="backend.tests.test_forgot_password_rate_limit.TestRateLimitFix" name="test_4_rapid_calls_existing_user_third_is_last_to_create_code" time="0.984" /><testcase classname="backend.tests.test_forgot_password_rate_limit.TestRateLimitFix" name="test_4th_call_does_not_create_new_code" time="0.712" /><testcase classname="backend.tests.test_forgot_password_rate_limit.TestRateLimitFix" name="test_rate_limit_applies_to_nonexistent_email" time="0.505" /><testcase classname="backend.tests.test_forgot_password_rate_limit.TestRateLimitFix" name="test_old_entries_do_not_count_after_15min_window" time="0.167" /><testcase classname="backend.tests.test_forgot_password_rate_limit.TestRateLimitFix" name="test_mixed_old_and_new_boundary" time="0.730" /></testsuite></testsuites>