<?xml version="1.0" encoding="utf-8"?><testsuites name="pytest tests"><testsuite name="pytest" errors="0" failures="0" skipped="0" tests="20" time="10.340" timestamp="2026-08-27T14:41:04.218523+00:00" hostname="agent-env-76f430d1-f17a-48e1-a552-80520d0c6569"><testcase classname="backend.tests.test_password_flows.TestChangePassword" name="test_change_password_no_auth" time="0.228" /><testcase classname="backend.tests.test_password_flows.TestChangePassword" name="test_change_password_flow_and_edge_cases" time="2.118" /><testcase classname="backend.tests.test_password_flows.TestForgotPassword" name="test_forgot_password_nonexistent_email_generic_response" time="0.079" /><testcase classname="backend.tests.test_password_flows.TestForgotPassword" name="test_forgot_password_existing_user_creates_code" time="0.173" /><testcase classname="backend.tests.test_password_flows.TestForgotPassword" name="test_forgot_password_rate_limit_3_codes" time="0.634" /><testcase classname="backend.tests.test_password_flows.TestResetPassword" name="test_reset_password_invalid_format_non_digit" time="0.082" /><testcase classname="backend.tests.test_password_flows.TestResetPassword" name="test_reset_password_invalid_format_too_short" time="0.072" /><testcase classname="backend.tests.test_password_flows.TestResetPassword" name="test_reset_password_new_pwd_too_short" time="0.090" /><testcase classname="backend.tests.test_password_flows.TestResetPassword" name="test_reset_password_no_code_record" time="0.076" /><testcase classname="backend.tests.test_password_flows.TestResetPassword" name="test_reset_password_wrong_code_increments_attempts" time="0.367" /><testcase classname="backend.tests.test_password_flows.TestResetPassword" name="test_reset_password_expired_code" time="0.370" /><testcase classname="backend.tests.test_password_flows.TestResetPassword" name="test_reset_password_too_many_attempts" time="0.362" /><testcase classname="backend.tests.test_password_flows.TestResetPassword" name="test_reset_password_happy_path" time="1.173" /><testcase classname="backend.tests.test_password_flows.TestResetPassword" name="test_reset_password_code_reuse_denied" time="0.688" /><testcase classname="backend.tests.test_password_flows.TestPreserveTestUser" name="test_restore_test_user_password" time="0.293" /><testcase classname="backend.tests.test_forgot_password_rate_limit.TestRateLimitFix" name="test_4_rapid_calls_existing_user_third_is_last_to_create_code" time="0.883" /><testcase classname="backend.tests.test_forgot_password_rate_limit.TestRateLimitFix" name="test_4th_call_does_not_create_new_code" time="0.850" /><testcase classname="backend.tests.test_forgot_password_rate_limit.TestRateLimitFix" name="test_rate_limit_applies_to_nonexistent_email" time="0.576" /><testcase classname="backend.tests.test_forgot_password_rate_limit.TestRateLimitFix" name="test_old_entries_do_not_count_after_15min_window" time="0.195" /><testcase classname="backend.tests.test_forgot_password_rate_limit.TestRateLimitFix" name="test_mixed_old_and_new_boundary" time="0.866" /></testsuite></testsuites>