<?xml version="1.0" encoding="utf-8"?><testsuites name="pytest tests"><testsuite name="pytest" errors="0" failures="1" skipped="0" tests="40" time="11.387" timestamp="2026-08-27T11:58:15.739809+00:00" hostname="agent-env-76f430d1-f17a-48e1-a552-80520d0c6569"><testcase classname="backend.tests.backend_test.TestAuth" name="test_register_new_user" time="0.376" /><testcase classname="backend.tests.backend_test.TestAuth" name="test_register_duplicate" time="0.157" /><testcase classname="backend.tests.backend_test.TestAuth" name="test_login_success" time="0.344" /><testcase classname="backend.tests.backend_test.TestAuth" name="test_login_wrong_password" time="0.373" /><testcase classname="backend.tests.backend_test.TestAuth" name="test_me_with_token" time="0.487" /><testcase classname="backend.tests.backend_test.TestAuth" name="test_me_without_token" time="0.157" /><testcase classname="backend.tests.backend_test.TestCategories" name="test_list_categories" time="0.136" /><testcase classname="backend.tests.backend_test.TestCategories" name="test_single_category" time="0.102" /><testcase classname="backend.tests.backend_test.TestCategories" name="test_single_category_404" time="0.134" /><testcase classname="backend.tests.backend_test.TestCategories" name="test_search_meltdown" time="0.111" /><testcase classname="backend.tests.backend_test.TestCategories" name="test_search_empty" time="0.190" /><testcase classname="backend.tests.backend_test.TestBookmarks" name="test_bookmark_crud" time="0.641" /><testcase classname="backend.tests.backend_test.TestBookmarks" name="test_bookmarks_requires_auth" time="0.143" /><testcase classname="backend.tests.backend_test.TestJournal" name="test_journal_crud" time="0.489" /><testcase classname="backend.tests.backend_test.TestArticle" name="test_article_requires_auth" time="0.095" /><testcase classname="backend.tests.backend_test.TestArticle" name="test_article_404_unknown" time="0.121" /><testcase classname="backend.tests.backend_test.TestArticle" name="test_article_generation_and_cache" time="0.253"><failure message="AssertionError: Cache not faster: 0.13s vs 0.13s&#10;assert 0.12618708610534668 &lt; 0.12604403495788574">backend/tests/backend_test.py:182: in test_article_generation_and_cache
    assert elapsed2 &lt; elapsed1, f"Cache not faster: {elapsed1:.2f}s vs {elapsed2:.2f}s"
E   AssertionError: Cache not faster: 0.13s vs 0.13s
E   assert 0.12618708610534668 &lt; 0.12604403495788574</failure></testcase><testcase classname="backend.tests.test_admin_stats.TestMeStats" name="test_requires_auth" time="0.160" /><testcase classname="backend.tests.test_admin_stats.TestMeStats" name="test_stats_shape" time="0.489" /><testcase classname="backend.tests.test_admin_stats.TestSuperAdminAuth" name="test_super_admin_flag_on_login" time="0.490" /><testcase classname="backend.tests.test_admin_stats.TestSuperAdminAuth" name="test_regular_user_not_admin" time="0.132" /><testcase classname="backend.tests.test_admin_stats.TestSuperAdminAuth" name="test_super_admin_idempotent_login_sets_flag" time="0.347" /><testcase classname="backend.tests.test_admin_stats.TestAdminAccessGating" name="test_non_admin_forbidden[/admin/stats]" time="0.135" /><testcase classname="backend.tests.test_admin_stats.TestAdminAccessGating" name="test_non_admin_forbidden[/admin/users]" time="0.098" /><testcase classname="backend.tests.test_admin_stats.TestAdminAccessGating" name="test_non_admin_forbidden[/admin/forum/flagged]" time="0.102" /><testcase classname="backend.tests.test_admin_stats.TestAdminAccessGating" name="test_non_admin_forbidden_delete" time="0.096" /><testcase classname="backend.tests.test_admin_stats.TestAdminStats" name="test_stats_shape" time="0.188" /><testcase classname="backend.tests.test_admin_stats.TestAdminUsers" name="test_list_users" time="0.133" /><testcase classname="backend.tests.test_admin_stats.TestAdminUsers" name="test_search_by_email_case_insensitive" time="0.120" /><testcase classname="backend.tests.test_admin_stats.TestAdminUsers" name="test_search_by_name" time="0.144" /><testcase classname="backend.tests.test_admin_stats.TestAdminUsers" name="test_cannot_delete_self" time="0.130" /><testcase classname="backend.tests.test_admin_stats.TestAdminUsers" name="test_delete_user_cascade" time="1.253" /><testcase classname="backend.tests.test_admin_stats.TestAdminUsers" name="test_delete_missing_user_404" time="0.139" /><testcase classname="backend.tests.test_admin_stats.TestAdminUsers" name="test_toggle_admin_flow" time="0.786" /><testcase classname="backend.tests.test_admin_stats.TestAdminUsers" name="test_toggle_admin_super_admin_forbidden" time="0.153" /><testcase classname="backend.tests.test_admin_stats.TestAdminUsers" name="test_toggle_admin_missing_user_404" time="0.122" /><testcase classname="backend.tests.test_admin_stats.TestAdminForumModeration" name="test_flagged_empty_shape" time="0.122" /><testcase classname="backend.tests.test_admin_stats.TestAdminForumModeration" name="test_flag_then_admin_delete_post_and_answer" time="1.333" /><testcase classname="backend.tests.test_admin_stats.TestAdminForumModeration" name="test_delete_missing_forum_post" time="0.156" /><testcase classname="backend.tests.test_admin_stats.TestAdminForumModeration" name="test_delete_missing_forum_answer" time="0.135" /></testsuite></testsuites>