<?xml version="1.0" encoding="utf-8"?><testsuites name="pytest tests"><testsuite name="pytest" errors="0" failures="0" skipped="0" tests="17" time="4.386" timestamp="2026-05-21T10:18:23.910466+00:00" hostname="agent-env-76f430d1-f17a-48e1-a552-80520d0c6569"><testcase classname="backend.tests.backend_test.TestAuth" name="test_register_new_user" time="0.558" /><testcase classname="backend.tests.backend_test.TestAuth" name="test_register_duplicate" time="0.154" /><testcase classname="backend.tests.backend_test.TestAuth" name="test_login_success" time="0.353" /><testcase classname="backend.tests.backend_test.TestAuth" name="test_login_wrong_password" time="0.320" /><testcase classname="backend.tests.backend_test.TestAuth" name="test_me_with_token" time="0.474" /><testcase classname="backend.tests.backend_test.TestAuth" name="test_me_without_token" time="0.108" /><testcase classname="backend.tests.backend_test.TestCategories" name="test_list_categories" time="0.097" /><testcase classname="backend.tests.backend_test.TestCategories" name="test_single_category" time="0.119" /><testcase classname="backend.tests.backend_test.TestCategories" name="test_single_category_404" time="0.124" /><testcase classname="backend.tests.backend_test.TestCategories" name="test_search_meltdown" time="0.116" /><testcase classname="backend.tests.backend_test.TestCategories" name="test_search_empty" time="0.102" /><testcase classname="backend.tests.backend_test.TestBookmarks" name="test_bookmark_crud" time="0.624" /><testcase classname="backend.tests.backend_test.TestBookmarks" name="test_bookmarks_requires_auth" time="0.118" /><testcase classname="backend.tests.backend_test.TestJournal" name="test_journal_crud" time="0.446" /><testcase classname="backend.tests.backend_test.TestArticle" name="test_article_requires_auth" time="0.122" /><testcase classname="backend.tests.backend_test.TestArticle" name="test_article_404_unknown" time="0.109" /><testcase classname="backend.tests.backend_test.TestArticle" name="test_article_generation_and_cache" time="0.208" /></testsuite></testsuites>